{"/Users/mbt36/Documents/bootcamp/end_of_week_projects/movie-theater-api/db.js": {"path":"/Users/mbt36/Documents/bootcamp/end_of_week_projects/movie-theater-api/db.js","statementMap":{"0":{"start":{"line":2,"column":33},"end":{"line":2,"column":53}},"1":{"start":{"line":5,"column":11},"end":{"line":9,"column":2}},"2":{"start":{"line":14,"column":0},"end":{"line":14,"column":34}}},"fnMap":{},"branchMap":{},"s":{"0":1,"1":1,"2":1},"f":{},"b":{},"_coverageSchema":"1a1c01bbd47fc00a2c39e90264f33305004495a9","hash":"463cfca65d133411c853602a486af48789be439a"}
,"/Users/mbt36/Documents/bootcamp/end_of_week_projects/movie-theater-api/seed.js": {"path":"/Users/mbt36/Documents/bootcamp/end_of_week_projects/movie-theater-api/seed.js","statementMap":{"0":{"start":{"line":2,"column":13},"end":{"line":2,"column":28}},"1":{"start":{"line":3,"column":11},"end":{"line":3,"column":33}},"2":{"start":{"line":7,"column":13},"end":{"line":7,"column":28}},"3":{"start":{"line":8,"column":23},"end":{"line":8,"column":48}},"4":{"start":{"line":12,"column":13},"end":{"line":39,"column":1}},"5":{"start":{"line":14,"column":4},"end":{"line":14,"column":35}},"6":{"start":{"line":16,"column":25},"end":{"line":16,"column":59}},"7":{"start":{"line":17,"column":25},"end":{"line":17,"column":59}},"8":{"start":{"line":20,"column":19},"end":{"line":20,"column":50}},"9":{"start":{"line":21,"column":23},"end":{"line":21,"column":54}},"10":{"start":{"line":23,"column":24},"end":{"line":23,"column":50}},"11":{"start":{"line":24,"column":24},"end":{"line":24,"column":54}},"12":{"start":{"line":27,"column":25},"end":{"line":27,"column":65}},"13":{"start":{"line":27,"column":47},"end":{"line":27,"column":64}},"14":{"start":{"line":28,"column":25},"end":{"line":28,"column":65}},"15":{"start":{"line":28,"column":47},"end":{"line":28,"column":64}},"16":{"start":{"line":31,"column":4},"end":{"line":31,"column":36}},"17":{"start":{"line":32,"column":4},"end":{"line":32,"column":35}},"18":{"start":{"line":34,"column":18},"end":{"line":34,"column":40}},"19":{"start":{"line":35,"column":18},"end":{"line":35,"column":40}},"20":{"start":{"line":36,"column":4},"end":{"line":36,"column":58}},"21":{"start":{"line":38,"column":4},"end":{"line":38,"column":58}},"22":{"start":{"line":42,"column":0},"end":{"line":42,"column":22}}},"fnMap":{"0":{"name":"(anonymous_0)","decl":{"start":{"line":12,"column":13},"end":{"line":12,"column":14}},"loc":{"start":{"line":12,"column":25},"end":{"line":39,"column":1}},"line":12},"1":{"name":"(anonymous_1)","decl":{"start":{"line":27,"column":39},"end":{"line":27,"column":40}},"loc":{"start":{"line":27,"column":47},"end":{"line":27,"column":64}},"line":27},"2":{"name":"(anonymous_2)","decl":{"start":{"line":28,"column":39},"end":{"line":28,"column":40}},"loc":{"start":{"line":28,"column":47},"end":{"line":28,"column":64}},"line":28}},"branchMap":{},"s":{"0":1,"1":1,"2":1,"3":1,"4":1,"5":1,"6":1,"7":1,"8":1,"9":1,"10":1,"11":1,"12":1,"13":11,"14":1,"15":2,"16":1,"17":1,"18":1,"19":1,"20":1,"21":1,"22":1},"f":{"0":1,"1":11,"2":2},"b":{},"_coverageSchema":"1a1c01bbd47fc00a2c39e90264f33305004495a9","hash":"052af94d1bfc5e95e6a722b6b9ccbe7e878eef56"}
,"/Users/mbt36/Documents/bootcamp/end_of_week_projects/movie-theater-api/server.js": {"path":"/Users/mbt36/Documents/bootcamp/end_of_week_projects/movie-theater-api/server.js","statementMap":{"0":{"start":{"line":1,"column":13},"end":{"line":1,"column":30}},"1":{"start":{"line":2,"column":16},"end":{"line":2,"column":34}},"2":{"start":{"line":3,"column":33},"end":{"line":3,"column":52}},"3":{"start":{"line":5,"column":12},"end":{"line":5,"column":21}},"4":{"start":{"line":6,"column":0},"end":{"line":6,"column":23}},"5":{"start":{"line":7,"column":0},"end":{"line":7,"column":29}},"6":{"start":{"line":8,"column":0},"end":{"line":8,"column":29}},"7":{"start":{"line":16,"column":0},"end":{"line":16,"column":20}}},"fnMap":{},"branchMap":{},"s":{"0":1,"1":1,"2":1,"3":1,"4":1,"5":1,"6":1,"7":1},"f":{},"b":{},"_coverageSchema":"1a1c01bbd47fc00a2c39e90264f33305004495a9","hash":"36ea826418e9817a1cdd9ca035afaa9373b42852"}
,"/Users/mbt36/Documents/bootcamp/end_of_week_projects/movie-theater-api/middleware/checkGenre.js": {"path":"/Users/mbt36/Documents/bootcamp/end_of_week_projects/movie-theater-api/middleware/checkGenre.js","statementMap":{"0":{"start":{"line":1,"column":15},"end":{"line":1,"column":35}},"1":{"start":{"line":4,"column":19},"end":{"line":4,"column":58}},"2":{"start":{"line":5,"column":4},"end":{"line":9,"column":5}},"3":{"start":{"line":6,"column":8},"end":{"line":6,"column":14}},"4":{"start":{"line":8,"column":8},"end":{"line":8,"column":45}},"5":{"start":{"line":12,"column":0},"end":{"line":12,"column":27}}},"fnMap":{"0":{"name":"checkGenre","decl":{"start":{"line":3,"column":15},"end":{"line":3,"column":25}},"loc":{"start":{"line":3,"column":39},"end":{"line":10,"column":1}},"line":3}},"branchMap":{"0":{"loc":{"start":{"line":5,"column":4},"end":{"line":9,"column":5}},"type":"if","locations":[{"start":{"line":5,"column":4},"end":{"line":9,"column":5}},{"start":{"line":7,"column":9},"end":{"line":9,"column":5}}],"line":5}},"s":{"0":1,"1":2,"2":2,"3":1,"4":1,"5":1},"f":{"0":2},"b":{"0":[1,1]},"_coverageSchema":"1a1c01bbd47fc00a2c39e90264f33305004495a9","hash":"0c3e21c614faea7588036735b1d8969b6251f9a0"}
,"/Users/mbt36/Documents/bootcamp/end_of_week_projects/movie-theater-api/middleware/checkShowId.js": {"path":"/Users/mbt36/Documents/bootcamp/end_of_week_projects/movie-theater-api/middleware/checkShowId.js","statementMap":{"0":{"start":{"line":1,"column":15},"end":{"line":1,"column":35}},"1":{"start":{"line":4,"column":4},"end":{"line":8,"column":5}},"2":{"start":{"line":5,"column":8},"end":{"line":5,"column":14}},"3":{"start":{"line":7,"column":8},"end":{"line":7,"column":47}},"4":{"start":{"line":11,"column":0},"end":{"line":11,"column":28}}},"fnMap":{"0":{"name":"checkShowId","decl":{"start":{"line":3,"column":15},"end":{"line":3,"column":26}},"loc":{"start":{"line":3,"column":40},"end":{"line":9,"column":1}},"line":3}},"branchMap":{"0":{"loc":{"start":{"line":4,"column":4},"end":{"line":8,"column":5}},"type":"if","locations":[{"start":{"line":4,"column":4},"end":{"line":8,"column":5}},{"start":{"line":6,"column":9},"end":{"line":8,"column":5}}],"line":4}},"s":{"0":1,"1":15,"2":10,"3":5,"4":1},"f":{"0":15},"b":{"0":[10,5]},"_coverageSchema":"1a1c01bbd47fc00a2c39e90264f33305004495a9","hash":"8176f5e7fd2280cd6b53a2b8495bcc741c105d27"}
,"/Users/mbt36/Documents/bootcamp/end_of_week_projects/movie-theater-api/middleware/checkUserId.js": {"path":"/Users/mbt36/Documents/bootcamp/end_of_week_projects/movie-theater-api/middleware/checkUserId.js","statementMap":{"0":{"start":{"line":1,"column":15},"end":{"line":1,"column":35}},"1":{"start":{"line":4,"column":4},"end":{"line":8,"column":5}},"2":{"start":{"line":5,"column":8},"end":{"line":5,"column":14}},"3":{"start":{"line":7,"column":8},"end":{"line":7,"column":47}},"4":{"start":{"line":11,"column":0},"end":{"line":11,"column":28}}},"fnMap":{"0":{"name":"checkUserId","decl":{"start":{"line":3,"column":15},"end":{"line":3,"column":26}},"loc":{"start":{"line":3,"column":40},"end":{"line":9,"column":1}},"line":3}},"branchMap":{"0":{"loc":{"start":{"line":4,"column":4},"end":{"line":8,"column":5}},"type":"if","locations":[{"start":{"line":4,"column":4},"end":{"line":8,"column":5}},{"start":{"line":6,"column":9},"end":{"line":8,"column":5}}],"line":4}},"s":{"0":1,"1":6,"2":3,"3":3,"4":1},"f":{"0":6},"b":{"0":[3,3]},"_coverageSchema":"1a1c01bbd47fc00a2c39e90264f33305004495a9","hash":"bdcbdb3ad226cdd58b9809f8f3fc0e6657572b7e"}
,"/Users/mbt36/Documents/bootcamp/end_of_week_projects/movie-theater-api/models/Show.js": {"path":"/Users/mbt36/Documents/bootcamp/end_of_week_projects/movie-theater-api/models/Show.js","statementMap":{"0":{"start":{"line":2,"column":26},"end":{"line":2,"column":42}},"1":{"start":{"line":5,"column":13},"end":{"line":10,"column":2}},"2":{"start":{"line":13,"column":0},"end":{"line":13,"column":25}}},"fnMap":{},"branchMap":{},"s":{"0":1,"1":1,"2":1},"f":{},"b":{},"_coverageSchema":"1a1c01bbd47fc00a2c39e90264f33305004495a9","hash":"ad4845c42bad675b2e72ee91e3831b666a25e437"}
,"/Users/mbt36/Documents/bootcamp/end_of_week_projects/movie-theater-api/models/User.js": {"path":"/Users/mbt36/Documents/bootcamp/end_of_week_projects/movie-theater-api/models/User.js","statementMap":{"0":{"start":{"line":2,"column":26},"end":{"line":2,"column":42}},"1":{"start":{"line":5,"column":13},"end":{"line":8,"column":2}},"2":{"start":{"line":11,"column":0},"end":{"line":11,"column":25}}},"fnMap":{},"branchMap":{},"s":{"0":1,"1":1,"2":1},"f":{},"b":{},"_coverageSchema":"1a1c01bbd47fc00a2c39e90264f33305004495a9","hash":"2de50ad9e56ac34509e358fd518a59f576e5ebeb"}
,"/Users/mbt36/Documents/bootcamp/end_of_week_projects/movie-theater-api/models/index.js": {"path":"/Users/mbt36/Documents/bootcamp/end_of_week_projects/movie-theater-api/models/index.js","statementMap":{"0":{"start":{"line":1,"column":17},"end":{"line":1,"column":34}},"1":{"start":{"line":2,"column":17},"end":{"line":2,"column":34}},"2":{"start":{"line":4,"column":0},"end":{"line":4,"column":20}},"3":{"start":{"line":5,"column":0},"end":{"line":5,"column":18}},"4":{"start":{"line":7,"column":0},"end":{"line":7,"column":29}}},"fnMap":{},"branchMap":{},"s":{"0":1,"1":1,"2":1,"3":1,"4":1},"f":{},"b":{},"_coverageSchema":"1a1c01bbd47fc00a2c39e90264f33305004495a9","hash":"9c8083e8240d3173bb5d9c215d624cdfb2c0b04c"}
,"/Users/mbt36/Documents/bootcamp/end_of_week_projects/movie-theater-api/routes/index.js": {"path":"/Users/mbt36/Documents/bootcamp/end_of_week_projects/movie-theater-api/routes/index.js","statementMap":{"0":{"start":{"line":1,"column":19},"end":{"line":1,"column":36}},"1":{"start":{"line":2,"column":19},"end":{"line":2,"column":36}},"2":{"start":{"line":4,"column":0},"end":{"line":4,"column":41}}},"fnMap":{},"branchMap":{},"s":{"0":1,"1":1,"2":1},"f":{},"b":{},"_coverageSchema":"1a1c01bbd47fc00a2c39e90264f33305004495a9","hash":"c9eed8774094090f2d9223566fbb20501e6e5d5c"}
,"/Users/mbt36/Documents/bootcamp/end_of_week_projects/movie-theater-api/routes/show.js": {"path":"/Users/mbt36/Documents/bootcamp/end_of_week_projects/movie-theater-api/routes/show.js","statementMap":{"0":{"start":{"line":1,"column":17},"end":{"line":1,"column":35}},"1":{"start":{"line":2,"column":15},"end":{"line":2,"column":40}},"2":{"start":{"line":3,"column":39},"end":{"line":3,"column":67}},"3":{"start":{"line":4,"column":20},"end":{"line":4,"column":56}},"4":{"start":{"line":5,"column":19},"end":{"line":5,"column":54}},"5":{"start":{"line":7,"column":19},"end":{"line":7,"column":27}},"6":{"start":{"line":9,"column":0},"end":{"line":11,"column":2}},"7":{"start":{"line":10,"column":4},"end":{"line":10,"column":34}},"8":{"start":{"line":13,"column":0},"end":{"line":15,"column":2}},"9":{"start":{"line":14,"column":4},"end":{"line":14,"column":48}},"10":{"start":{"line":17,"column":0},"end":{"line":19,"column":2}},"11":{"start":{"line":18,"column":4},"end":{"line":18,"column":67}},"12":{"start":{"line":21,"column":0},"end":{"line":36,"column":2}},"13":{"start":{"line":24,"column":19},"end":{"line":24,"column":40}},"14":{"start":{"line":25,"column":4},"end":{"line":35,"column":5}},"15":{"start":{"line":26,"column":8},"end":{"line":32,"column":9}},"16":{"start":{"line":27,"column":12},"end":{"line":29,"column":15}},"17":{"start":{"line":31,"column":12},"end":{"line":31,"column":67}},"18":{"start":{"line":34,"column":8},"end":{"line":34,"column":60}},"19":{"start":{"line":38,"column":0},"end":{"line":49,"column":2}},"20":{"start":{"line":41,"column":19},"end":{"line":41,"column":40}},"21":{"start":{"line":42,"column":4},"end":{"line":48,"column":5}},"22":{"start":{"line":43,"column":21},"end":{"line":43,"column":55}},"23":{"start":{"line":44,"column":8},"end":{"line":44,"column":52}},"24":{"start":{"line":45,"column":8},"end":{"line":45,"column":52}},"25":{"start":{"line":47,"column":8},"end":{"line":47,"column":108}},"26":{"start":{"line":51,"column":0},"end":{"line":54,"column":2}},"27":{"start":{"line":52,"column":4},"end":{"line":52,"column":56}},"28":{"start":{"line":53,"column":4},"end":{"line":53,"column":28}},"29":{"start":{"line":57,"column":0},"end":{"line":57,"column":27}}},"fnMap":{"0":{"name":"(anonymous_0)","decl":{"start":{"line":9,"column":20},"end":{"line":9,"column":21}},"loc":{"start":{"line":9,"column":36},"end":{"line":11,"column":1}},"line":9},"1":{"name":"(anonymous_1)","decl":{"start":{"line":13,"column":35},"end":{"line":13,"column":36}},"loc":{"start":{"line":13,"column":51},"end":{"line":15,"column":1}},"line":13},"2":{"name":"(anonymous_2)","decl":{"start":{"line":17,"column":45},"end":{"line":17,"column":46}},"loc":{"start":{"line":17,"column":61},"end":{"line":19,"column":1}},"line":17},"3":{"name":"(anonymous_3)","decl":{"start":{"line":23,"column":0},"end":{"line":23,"column":1}},"loc":{"start":{"line":23,"column":16},"end":{"line":36,"column":1}},"line":23},"4":{"name":"(anonymous_4)","decl":{"start":{"line":40,"column":0},"end":{"line":40,"column":1}},"loc":{"start":{"line":40,"column":16},"end":{"line":49,"column":1}},"line":40},"5":{"name":"(anonymous_5)","decl":{"start":{"line":51,"column":39},"end":{"line":51,"column":40}},"loc":{"start":{"line":51,"column":55},"end":{"line":54,"column":1}},"line":51}},"branchMap":{"0":{"loc":{"start":{"line":25,"column":4},"end":{"line":35,"column":5}},"type":"if","locations":[{"start":{"line":25,"column":4},"end":{"line":35,"column":5}},{"start":{"line":33,"column":9},"end":{"line":35,"column":5}}],"line":25},"1":{"loc":{"start":{"line":26,"column":8},"end":{"line":32,"column":9}},"type":"if","locations":[{"start":{"line":26,"column":8},"end":{"line":32,"column":9}},{"start":{"line":30,"column":13},"end":{"line":32,"column":9}}],"line":26},"2":{"loc":{"start":{"line":26,"column":12},"end":{"line":26,"column":61}},"type":"binary-expr","locations":[{"start":{"line":26,"column":12},"end":{"line":26,"column":34}},{"start":{"line":26,"column":38},"end":{"line":26,"column":61}}],"line":26},"3":{"loc":{"start":{"line":42,"column":4},"end":{"line":48,"column":5}},"type":"if","locations":[{"start":{"line":42,"column":4},"end":{"line":48,"column":5}},{"start":{"line":46,"column":9},"end":{"line":48,"column":5}}],"line":42}},"s":{"0":1,"1":1,"2":1,"3":1,"4":1,"5":1,"6":1,"7":1,"8":1,"9":1,"10":1,"11":1,"12":1,"13":3,"14":3,"15":2,"16":1,"17":1,"18":1,"19":1,"20":4,"21":4,"22":1,"23":1,"24":1,"25":3,"26":1,"27":1,"28":1,"29":1},"f":{"0":1,"1":1,"2":1,"3":3,"4":4,"5":1},"b":{"0":[2,1],"1":[1,1],"2":[2,2],"3":[1,3]},"_coverageSchema":"1a1c01bbd47fc00a2c39e90264f33305004495a9","hash":"b0f99d5fec27693736305a5fa2ed96046d155ca4"}
,"/Users/mbt36/Documents/bootcamp/end_of_week_projects/movie-theater-api/routes/user.js": {"path":"/Users/mbt36/Documents/bootcamp/end_of_week_projects/movie-theater-api/routes/user.js","statementMap":{"0":{"start":{"line":1,"column":17},"end":{"line":1,"column":35}},"1":{"start":{"line":2,"column":21},"end":{"line":2,"column":41}},"2":{"start":{"line":3,"column":20},"end":{"line":3,"column":56}},"3":{"start":{"line":4,"column":20},"end":{"line":4,"column":56}},"4":{"start":{"line":6,"column":19},"end":{"line":6,"column":27}},"5":{"start":{"line":9,"column":0},"end":{"line":11,"column":2}},"6":{"start":{"line":10,"column":4},"end":{"line":10,"column":34}},"7":{"start":{"line":13,"column":0},"end":{"line":15,"column":2}},"8":{"start":{"line":14,"column":4},"end":{"line":14,"column":48}},"9":{"start":{"line":17,"column":0},"end":{"line":19,"column":2}},"10":{"start":{"line":18,"column":4},"end":{"line":18,"column":67}},"11":{"start":{"line":21,"column":0},"end":{"line":26,"column":2}},"12":{"start":{"line":22,"column":17},"end":{"line":22,"column":52}},"13":{"start":{"line":23,"column":17},"end":{"line":23,"column":51}},"14":{"start":{"line":24,"column":4},"end":{"line":24,"column":31}},"15":{"start":{"line":25,"column":4},"end":{"line":25,"column":36}},"16":{"start":{"line":29,"column":0},"end":{"line":29,"column":27}}},"fnMap":{"0":{"name":"(anonymous_0)","decl":{"start":{"line":9,"column":20},"end":{"line":9,"column":21}},"loc":{"start":{"line":9,"column":36},"end":{"line":11,"column":1}},"line":9},"1":{"name":"(anonymous_1)","decl":{"start":{"line":13,"column":36},"end":{"line":13,"column":37}},"loc":{"start":{"line":13,"column":52},"end":{"line":15,"column":1}},"line":13},"2":{"name":"(anonymous_2)","decl":{"start":{"line":17,"column":42},"end":{"line":17,"column":43}},"loc":{"start":{"line":17,"column":58},"end":{"line":19,"column":1}},"line":17},"3":{"name":"(anonymous_3)","decl":{"start":{"line":21,"column":60},"end":{"line":21,"column":61}},"loc":{"start":{"line":21,"column":76},"end":{"line":26,"column":1}},"line":21}},"branchMap":{},"s":{"0":1,"1":1,"2":1,"3":1,"4":1,"5":1,"6":1,"7":1,"8":1,"9":1,"10":1,"11":1,"12":1,"13":1,"14":1,"15":1,"16":1},"f":{"0":1,"1":1,"2":1,"3":1},"b":{},"_coverageSchema":"1a1c01bbd47fc00a2c39e90264f33305004495a9","hash":"e24d9f91c01310b6cac646e09a6acb355e71e3a5"}
}
