TN:
SF:db.js
FNF:0
FNH:0
DA:2,1
DA:5,1
DA:14,1
LF:3
LH:3
BRF:0
BRH:0
end_of_record
TN:
SF:seed.js
FN:12,(anonymous_0)
FN:27,(anonymous_1)
FN:28,(anonymous_2)
FNF:3
FNH:3
FNDA:1,(anonymous_0)
FNDA:11,(anonymous_1)
FNDA:2,(anonymous_2)
DA:2,1
DA:3,1
DA:7,1
DA:8,1
DA:12,1
DA:14,1
DA:16,1
DA:17,1
DA:20,1
DA:21,1
DA:23,1
DA:24,1
DA:27,11
DA:28,2
DA:31,1
DA:32,1
DA:34,1
DA:35,1
DA:36,1
DA:38,1
DA:42,1
LF:21
LH:21
BRF:0
BRH:0
end_of_record
TN:
SF:server.js
FNF:0
FNH:0
DA:1,1
DA:2,1
DA:3,1
DA:5,1
DA:6,1
DA:7,1
DA:8,1
DA:16,1
LF:8
LH:8
BRF:0
BRH:0
end_of_record
TN:
SF:middleware/checkGenre.js
FN:3,checkGenre
FNF:1
FNH:1
FNDA:2,checkGenre
DA:1,1
DA:4,2
DA:5,2
DA:6,1
DA:8,1
DA:12,1
LF:6
LH:6
BRDA:5,0,0,1
BRDA:5,0,1,1
BRF:2
BRH:2
end_of_record
TN:
SF:middleware/checkShowId.js
FN:3,checkShowId
FNF:1
FNH:1
FNDA:15,checkShowId
DA:1,1
DA:4,15
DA:5,10
DA:7,5
DA:11,1
LF:5
LH:5
BRDA:4,0,0,10
BRDA:4,0,1,5
BRF:2
BRH:2
end_of_record
TN:
SF:middleware/checkUserId.js
FN:3,checkUserId
FNF:1
FNH:1
FNDA:6,checkUserId
DA:1,1
DA:4,6
DA:5,3
DA:7,3
DA:11,1
LF:5
LH:5
BRDA:4,0,0,3
BRDA:4,0,1,3
BRF:2
BRH:2
end_of_record
TN:
SF:models/Show.js
FNF:0
FNH:0
DA:2,1
DA:5,1
DA:13,1
LF:3
LH:3
BRF:0
BRH:0
end_of_record
TN:
SF:models/User.js
FNF:0
FNH:0
DA:2,1
DA:5,1
DA:11,1
LF:3
LH:3
BRF:0
BRH:0
end_of_record
TN:
SF:models/index.js
FNF:0
FNH:0
DA:1,1
DA:2,1
DA:4,1
DA:5,1
DA:7,1
LF:5
LH:5
BRF:0
BRH:0
end_of_record
TN:
SF:routes/index.js
FNF:0
FNH:0
DA:1,1
DA:2,1
DA:4,1
LF:3
LH:3
BRF:0
BRH:0
end_of_record
TN:
SF:routes/show.js
FN:9,(anonymous_0)
FN:13,(anonymous_1)
FN:17,(anonymous_2)
FN:23,(anonymous_3)
FN:40,(anonymous_4)
FN:51,(anonymous_5)
FNF:6
FNH:6
FNDA:1,(anonymous_0)
FNDA:1,(anonymous_1)
FNDA:1,(anonymous_2)
FNDA:3,(anonymous_3)
FNDA:4,(anonymous_4)
FNDA:1,(anonymous_5)
DA:1,1
DA:2,1
DA:3,1
DA:4,1
DA:5,1
DA:7,1
DA:9,1
DA:10,1
DA:13,1
DA:14,1
DA:17,1
DA:18,1
DA:21,1
DA:24,3
DA:25,3
DA:26,2
DA:27,1
DA:31,1
DA:34,1
DA:38,1
DA:41,4
DA:42,4
DA:43,1
DA:44,1
DA:45,1
DA:47,3
DA:51,1
DA:52,1
DA:53,1
DA:57,1
LF:30
LH:30
BRDA:25,0,0,2
BRDA:25,0,1,1
BRDA:26,1,0,1
BRDA:26,1,1,1
BRDA:26,2,0,2
BRDA:26,2,1,2
BRDA:42,3,0,1
BRDA:42,3,1,3
BRF:8
BRH:8
end_of_record
TN:
SF:routes/user.js
FN:9,(anonymous_0)
FN:13,(anonymous_1)
FN:17,(anonymous_2)
FN:21,(anonymous_3)
FNF:4
FNH:4
FNDA:1,(anonymous_0)
FNDA:1,(anonymous_1)
FNDA:1,(anonymous_2)
FNDA:1,(anonymous_3)
DA:1,1
DA:2,1
DA:3,1
DA:4,1
DA:6,1
DA:9,1
DA:10,1
DA:13,1
DA:14,1
DA:17,1
DA:18,1
DA:21,1
DA:22,1
DA:23,1
DA:24,1
DA:25,1
DA:29,1
LF:17
LH:17
BRF:0
BRH:0
end_of_record
